<?xml version="1.0" encoding="UTF-8"?>
<testsuite name="EnableThroughOauthWidgetForTwitter" failures="1" tests="1" time="230.344" errors="0">
  <properties/>
  <testcase name="test_EnableThroughOauthWidgetForTwitter" time="230.063" classname="com.sharethis.QAAutomation.Reskinned.FastShare.EnableThroughOauthWidgetForTwitter">
    <failure type="junit.framework.ComparisonFailure" message="null expected:&lt;[PASS]&gt; but was:&lt;[FAIL]&gt;">
      <![CDATA[junit.framework.ComparisonFailure: null expected:<[PASS]> but was:<[FAIL]>
	at junit.framework.Assert.assertEquals(Assert.java:81)
	at junit.framework.Assert.assertEquals(Assert.java:87)
	at com.sharethis.QAAutomation.commonlib.STSharing.stSharingViaFastShare(STSharing.java:992)
	at com.sharethis.QAAutomation.Reskinned.FastShare.EnableThroughOauthWidgetForTwitter.test_EnableThroughOauthWidgetForTwitter(EnableThroughOauthWidgetForTwitter.java:85)
... Removed 22 stack frames]]>
    </failure>
  </testcase>
</testsuite>
