<?xml version="1.0" encoding="UTF-8"?>
<testsuite name="SendEmailAfterLoginWIthInvalidCredentialsinToField" failures="1" tests="1" time="232.594" errors="0">
  <properties/>
  <testcase name="test_SendEmailWithAfterLoginWIthInvalidCredentialsinToField" time="232.328" classname="com.sharethis.QAAutomation.OAuth.Email.SendEmailAfterLoginWIthInvalidCredentialsinToField">
    <failure type="junit.framework.ComparisonFailure" message="null expected:&lt;[PASS]&gt; but was:&lt;[FAIL]&gt;">
      <![CDATA[junit.framework.ComparisonFailure: null expected:<[PASS]> but was:<[FAIL]>
	at junit.framework.Assert.assertEquals(Assert.java:81)
	at junit.framework.Assert.assertEquals(Assert.java:87)
	at com.sharethis.QAAutomation.commonlib.STCommonLibrary.stVerifyObjects(STCommonLibrary.java:162)
	at com.sharethis.QAAutomation.commonlib.STLogin.stSharethisLogin(STLogin.java:60)
	at com.sharethis.QAAutomation.OAuth.Email.SendEmailAfterLoginWIthInvalidCredentialsinToField.test_SendEmailWithAfterLoginWIthInvalidCredentialsinToField(SendEmailAfterLoginWIthInvalidCredentialsinToField.java:45)
... Removed 22 stack frames]]>
    </failure>
  </testcase>
</testsuite>
