<?xml version="1.0" encoding="UTF-8"?>
<testsuite name="SendEmailWithoutLoginWithInvalidCredentialsinToField" failures="1" tests="1" time="80.516" errors="0">
  <properties/>
  <testcase name="test_SendEmailForInvalidT0Addresses" time="80.25" classname="com.sharethis.QAAutomation.OAuth.Email.SendEmailWithoutLoginWithInvalidCredentialsinToField">
    <failure type="junit.framework.ComparisonFailure" message="null expected:&lt;[PASS]&gt; but was:&lt;[FAIL]&gt;">
      <![CDATA[junit.framework.ComparisonFailure: null expected:<[PASS]> but was:<[FAIL]>
	at junit.framework.Assert.assertEquals(Assert.java:81)
	at junit.framework.Assert.assertEquals(Assert.java:87)
	at com.sharethis.QAAutomation.commonlib.STEmail.stSendOrCancelEmail(STEmail.java:375)
	at com.sharethis.QAAutomation.OAuth.Email.SendEmailWithoutLoginWithInvalidCredentialsinToField.test_SendEmailForInvalidT0Addresses(SendEmailWithoutLoginWithInvalidCredentialsinToField.java:57)
... Removed 22 stack frames]]>
    </failure>
  </testcase>
</testsuite>
