<?xml version="1.0" encoding="UTF-8"?>
<testsuite name="SendEmailWithoutLoginWithInvalidCredentialsinFromField" failures="1" tests="1" time="76.562" errors="0">
  <properties/>
  <testcase name="test_SendEmailWithoutLoginWithInvalidCredentialsinFromField" time="76.296" classname="com.sharethis.QAAutomation.OAuth.Email.SendEmailWithoutLoginWithInvalidCredentialsinFromField">
    <failure type="junit.framework.ComparisonFailure" message="null expected:&lt;[PASS]&gt; but was:&lt;[FAIL]&gt;">
      <![CDATA[junit.framework.ComparisonFailure: null expected:<[PASS]> but was:<[FAIL]>
	at junit.framework.Assert.assertEquals(Assert.java:81)
	at junit.framework.Assert.assertEquals(Assert.java:87)
	at com.sharethis.QAAutomation.commonlib.STEmail.stSendOrCancelEmail(STEmail.java:375)
	at com.sharethis.QAAutomation.OAuth.Email.SendEmailWithoutLoginWithInvalidCredentialsinFromField.test_SendEmailWithoutLoginWithInvalidCredentialsinFromField(SendEmailWithoutLoginWithInvalidCredentialsinFromField.java:55)
... Removed 22 stack frames]]>
    </failure>
  </testcase>
</testsuite>
