<?xml version="1.0" encoding="UTF-8"?>
<testsuite name="SendEmailWithoutLoginToValidAddress" failures="1" tests="1" time="77.0" errors="0">
  <properties/>
  <testcase name="test_SendEmailWithoutLoginToValidAddress" time="76.718" classname="com.sharethis.QAAutomation.OAuth.Email.SendEmailWithoutLoginToValidAddress">
    <failure type="junit.framework.ComparisonFailure" message="null expected:&lt;[PASS]&gt; but was:&lt;[FAIL]&gt;">
      <![CDATA[junit.framework.ComparisonFailure: null expected:<[PASS]> but was:<[FAIL]>
	at junit.framework.Assert.assertEquals(Assert.java:81)
	at junit.framework.Assert.assertEquals(Assert.java:87)
	at com.sharethis.QAAutomation.commonlib.STEmail.stSendOrCancelEmail(STEmail.java:375)
	at com.sharethis.QAAutomation.OAuth.Email.SendEmailWithoutLoginToValidAddress.test_SendEmailWithoutLoginToValidAddress(SendEmailWithoutLoginToValidAddress.java:61)
... Removed 22 stack frames]]>
    </failure>
  </testcase>
</testsuite>
