<?xml version="1.0" encoding="UTF-8"?>
<testsuite name="SendEmailWithoutLoginToMultipleAddresses" failures="1" tests="1" time="79.031" errors="0">
  <properties/>
  <testcase name="test_SendEmailWithoutLoginToMultipleAddresses" time="78.75" classname="com.sharethis.QAAutomation.OAuth.Email.SendEmailWithoutLoginToMultipleAddresses">
    <failure type="junit.framework.ComparisonFailure" message="null expected:&lt;[PASS]&gt; but was:&lt;[FAIL]&gt;">
      <![CDATA[junit.framework.ComparisonFailure: null expected:<[PASS]> but was:<[FAIL]>
	at junit.framework.Assert.assertEquals(Assert.java:81)
	at junit.framework.Assert.assertEquals(Assert.java:87)
	at com.sharethis.QAAutomation.commonlib.STEmail.stSendOrCancelEmail(STEmail.java:375)
	at com.sharethis.QAAutomation.OAuth.Email.SendEmailWithoutLoginToMultipleAddresses.test_SendEmailWithoutLoginToMultipleAddresses(SendEmailWithoutLoginToMultipleAddresses.java:51)
... Removed 22 stack frames]]>
    </failure>
  </testcase>
</testsuite>
