<?xml version="1.0" encoding="UTF-8"?>
<testsuite name="SharingToLinkedInOld" failures="1" tests="1" time="98.719" errors="0">
  <properties/>
  <testcase name="test_SharingToLinkedIn" time="98.437" classname="com.sharethis.QAAutomation.Reskinned.Sharing.SharingToLinkedIn">
    <failure type="junit.framework.ComparisonFailure" message="null expected:&lt;[PASS]&gt; but was:&lt;[FAIL]&gt;">
      <![CDATA[junit.framework.ComparisonFailure: null expected:<[PASS]> but was:<[FAIL]>
	at junit.framework.Assert.assertEquals(Assert.java:81)
	at junit.framework.Assert.assertEquals(Assert.java:87)
	at com.sharethis.QAAutomation.commonlib.STCommonLibrary.stClickAndVerify(STCommonLibrary.java:111)
	at com.sharethis.QAAutomation.commonlib.STLaunchBrowser.stLaunchWidget(STLaunchBrowser.java:94)
	at com.sharethis.QAAutomation.Reskinned.Sharing.SharingToLinkedIn.test_SharingToLinkedIn(SharingToLinkedIn.java:46)
... Removed 22 stack frames]]>
    </failure>
  </testcase>
</testsuite>
