<?xml version="1.0" encoding="UTF-8"?>
<testsuite name="SharingToLinkedInWithShareThisLoginOnWidget" failures="1" tests="1" time="90.953" errors="0">
  <properties/>
  <testcase name="test_SharingToLinkedInWithShareThisLoginOnWidget" time="90.687" classname="com.sharethis.QAAutomation.Reskinned.Sharing.SharingToLinkedInWithShareThisLoginOnWidget">
    <failure type="junit.framework.ComparisonFailure" message="null expected:&lt;[PASS]&gt; but was:&lt;[FAIL]&gt;">
      <![CDATA[junit.framework.ComparisonFailure: null expected:<[PASS]> but was:<[FAIL]>
	at junit.framework.Assert.assertEquals(Assert.java:81)
	at junit.framework.Assert.assertEquals(Assert.java:87)
	at com.sharethis.QAAutomation.commonlib.STCommonLibrary.stClickAndVerify(STCommonLibrary.java:111)
	at com.sharethis.QAAutomation.commonlib.STLaunchBrowser.stLaunchWidget(STLaunchBrowser.java:94)
	at com.sharethis.QAAutomation.Reskinned.Sharing.SharingToLinkedInWithShareThisLoginOnWidget.test_SharingToLinkedInWithShareThisLoginOnWidget(SharingToLinkedInWithShareThisLoginOnWidget.java:58)
... Removed 22 stack frames]]>
    </failure>
  </testcase>
</testsuite>
