<?xml version="1.0" encoding="UTF-8"?>
<testsuite name="WidgetDoneScreenVerification" failures="1" tests="1" time="117.406" errors="0">
  <properties/>
  <testcase name="test_WidgetDoneScreenVerification" time="117.125" classname="com.sharethis.QAAutomation.Reskinned.WidgetDoneScreenVerification">
    <failure type="junit.framework.ComparisonFailure" message="null expected:&lt;[PASS]&gt; but was:&lt;[FAIL]&gt;">
      <![CDATA[junit.framework.ComparisonFailure: null expected:<[PASS]> but was:<[FAIL]>
	at junit.framework.Assert.assertEquals(Assert.java:81)
	at junit.framework.Assert.assertEquals(Assert.java:87)
	at com.sharethis.QAAutomation.commonlib.STCommonLibrary.stClickAndVerify(STCommonLibrary.java:111)
	at com.sharethis.QAAutomation.commonlib.STLaunchBrowser.stLaunchWidget(STLaunchBrowser.java:94)
	at com.sharethis.QAAutomation.Reskinned.WidgetDoneScreenVerification.test_WidgetDoneScreenVerification(WidgetDoneScreenVerification.java:46)
... Removed 22 stack frames]]>
    </failure>
  </testcase>
</testsuite>
