<?xml version="1.0" encoding="UTF-8"?>
<testsuite name="MultipostShare" failures="1" tests="1" time="424.9" errors="0">
  <properties/>
  <testcase name="test_MultipostShare" time="424.555" classname="com.sharethis.QAAutomation.OAuth.Sharing.MultipostShare">
    <failure type="junit.framework.ComparisonFailure" message="null expected:&lt;PASS&gt; but was:&lt;null&gt;">
      <![CDATA[junit.framework.ComparisonFailure: null expected:<PASS> but was:<null>
	at junit.framework.Assert.assertEquals(Assert.java:81)
	at junit.framework.Assert.assertEquals(Assert.java:87)
	at com.sharethis.QAAutomation.commonlib.STOAuthSignIn.stOAuthSignInFacebook(STOAuthSignIn.java:150)
	at com.sharethis.QAAutomation.OAuth.Sharing.MultipostShare.test_MultipostShare(MultipostShare.java:54)
... Removed 22 stack frames]]>
    </failure>
  </testcase>
</testsuite>
