<?xml version="1.0" encoding="UTF-8"?>
<testsuite name="WidgetSignInWithTwitterAccount" failures="1" tests="1" time="97.464" errors="0">
  <properties/>
  <testcase name="test_WidgetSignInWithTwitterAccount" time="97.006" classname="com.sharethis.QAAutomation.SignInWidget.WidgetSignInWithTwitterAccount">
    <failure type="junit.framework.ComparisonFailure" message="null expected:&lt;[PASS]&gt; but was:&lt;[FAIL]&gt;">
      <![CDATA[junit.framework.ComparisonFailure: null expected:<[PASS]> but was:<[FAIL]>
	at junit.framework.Assert.assertEquals(Assert.java:81)
	at junit.framework.Assert.assertEquals(Assert.java:87)
	at com.sharethis.QAAutomation.commonlib.STCommonLibrary.stClickAndVerify(STCommonLibrary.java:114)
	at com.sharethis.QAAutomation.commonlib.STLaunchBrowser.stLaunchOauthWidget(STLaunchBrowser.java:206)
	at com.sharethis.QAAutomation.SignInWidget.WidgetSignInWithTwitterAccount.test_WidgetSignInWithTwitterAccount(WidgetSignInWithTwitterAccount.java:43)
... Removed 22 stack frames]]>
    </failure>
  </testcase>
</testsuite>
