<testng-results>
  <reporter-output>
    <line>
      <![CDATA[<br /><div style ="background-color:#EDEDA9;color:green;"><strong>stLaunch-Open Browser and launch Portal URL [PASS]</strong><br />Successfully launch Publishers Page.<br /><strong>Data used:</strong><br />{BrowserType=*firefox, Port=4444, WindowTitle=TODAY ONLY ALPS Mountaineering Camp Chair $44.73, URL=http://www.techbargains.com/news_displayItem.cfm/407558, Localhost=localhost}</div>]]>
    </line>
    <line>
      <![CDATA[<br /><div style ="background-color:#EDEDA9;color:green;"><strong>stClickAndVerify-Function for click on element and verify up-coming element [PASS]</strong><br />Getting upcoming object successfully.<br /><strong>Data used:</strong><br />{targetXPath=css=span[class*='st_sharethis'] span.stButton, verifyXpath=css=div#outerContainer>h2#welcomeMsg}</div>]]>
    </line>
    <line>
      <![CDATA[<br /><div style ="background-color:#EDEDA9;color:green;"><strong>stLaunchOauthWidget-Launch ShareThis OAuth Widget [PASS]</strong><br />OAuth Widget is Successfully launch.<br /><strong>Data used:</strong><br />{}</div>]]>
    </line>
    <line>
      <![CDATA[<br /><div style ="background-color:#EDEDA9;color:green;"><strong>stVerifyObjects-Function for verification of objects [PASS]</strong><br />Getting corresponding object successfully.<br /><strong>Data used:</strong><br />{<div><strong>targetXPath0</strong></div>=css=div#site-wrapperNew div.outer div.leftDiv div#login-accounts a#signin_btn_yahoo img<div><strong> -- PASS</strong></div>}</div>]]>
    </line>
    <line>
      <![CDATA[<br /><div style ="background-color:#EDEDA9;color:green;"><strong>stClickAndVerify-Function for click on element and verify up-coming element [PASS]</strong><br />Getting upcoming object successfully.<br /><strong>Data used:</strong><br />{targetXPath=css=div#site-wrapperNew div.outer div.leftDiv div#login-accounts a#signin_btn_yahoo img, verifyXpath=css=div#yreglg div.top div.lgbx fieldset#fsLogin.clear form#login_form div#inputs.yui-skin-sam input#username}</div>]]>
    </line>
    <line>
      <![CDATA[<br /><div style ="background-color:#EDEDA9;color:green;"><strong>stVerifyObjects-Function for verification of objects [PASS]</strong><br />Getting corresponding object successfully.<br /><strong>Data used:</strong><br />{<div><strong>targetXPath0</strong></div>=//*[@id='.save']<div><strong> -- PASS</strong></div>}</div>]]>
    </line>
    <line>
      <![CDATA[<br /><div style ="background-color:#EDEDA9;color:green;"><strong>stVerifyObjects-Function for verification of objects [PASS]</strong><br />Getting corresponding object successfully.<br /><strong>Data used:</strong><br />{<div><strong>targetXPath0</strong></div>=css=div#outerContainer>h2#welcomeMsg<div><strong> -- PASS</strong></div>}</div>]]>
    </line>
    <line>
      <![CDATA[<br /><div style ="background-color:#EDEDA9;color:green;"><strong>stYahooLogin-function is used to sign in as Yahoo account. [PASS]</strong><br />Password field blank.<br /><strong>Data used:</strong><br />{}</div>]]>
    </line>
    <line>
      <![CDATA[<div style =" background-color:#FDFF10;color:green;"><strong>ST_SIW_09--->PASS</strong></div>]]>
    </line>
  </reporter-output>
  <suite name="test run">
    <groups>
    </groups>
    <test name="WidgetSignInWithYahooAccount">
      <class name="com.sharethis.QAAutomation.SignInWidget.WidgetSignInWithYahooAccount">
        <test-method status="PASS" signature="test_WidgetSignInWithYahooAccount(int, int, int, int, int)" name="test_WidgetSignInWithYahooAccount" duration-ms="306302" started-at="2014-07-15T15:03:13Z" finished-at="2014-07-15T15:08:19Z">
          <params>
            <param index="0">
              <value>
                <![CDATA[1]]>
              </value>
            </param>
            <param index="1">
              <value>
                <![CDATA[0]]>
              </value>
            </param>
            <param index="2">
              <value>
                <![CDATA[16]]>
              </value>
            </param>
            <param index="3">
              <value>
                <![CDATA[2]]>
              </value>
            </param>
            <param index="4">
              <value>
                <![CDATA[1]]>
              </value>
            </param>
          </params>
        </test-method>
        <test-method status="PASS" signature="CloseBrowser()" name="CloseBrowser" is-config="true" duration-ms="0" started-at="2014-07-15T15:08:19Z" finished-at="2014-07-15T15:08:19Z">
        </test-method>
      </class>
    </test>
  </suite>
</testng-results>
