<?xml version="1.0" encoding="UTF-8"?>
<testsuite name="SendEmailAfterLoginWIthInvalidCredentialsinToField" failures="1" tests="1" time="253.0" errors="0">
  <properties/>
  <testcase name="test_SendEmailWithAfterLoginWIthInvalidCredentialsinToField" time="252.532" classname="com.sharethis.QAAutomation.OAuth.Email.SendEmailAfterLoginWIthInvalidCredentialsinToField">
    <failure type="junit.framework.ComparisonFailure" message="null expected:&lt;PASS&gt; but was:&lt;null&gt;">
      <![CDATA[junit.framework.ComparisonFailure: null expected:<PASS> but was:<null>
	at junit.framework.Assert.assertEquals(Assert.java:81)
	at junit.framework.Assert.assertEquals(Assert.java:87)
	at com.sharethis.QAAutomation.commonlib.STLaunchBrowser.stLaunch(STLaunchBrowser.java:67)
	at com.sharethis.QAAutomation.OAuth.Email.SendEmailAfterLoginWIthInvalidCredentialsinToField.test_SendEmailWithAfterLoginWIthInvalidCredentialsinToField(SendEmailAfterLoginWIthInvalidCredentialsinToField.java:28)
... Removed 22 stack frames]]>
    </failure>
  </testcase>
</testsuite>
