<?xml version="1.0" encoding="UTF-8"?>
<testsuite name="SharingToFacebookWithShareThisLoginOnWidget" failures="1" tests="1" time="103.079" errors="0">
  <properties/>
  <testcase name="test_SharingToFacebookWithShareThisLoginOnWidget" time="102.782" classname="com.sharethis.QAAutomation.Reskinned.Sharing.SharingToFacebookWithShareThisLoginOnWidget">
    <failure type="junit.framework.ComparisonFailure" message="null expected:&lt;[PASS]&gt; but was:&lt;[FAIL]&gt;">
      <![CDATA[junit.framework.ComparisonFailure: null expected:<[PASS]> but was:<[FAIL]>
	at junit.framework.Assert.assertEquals(Assert.java:81)
	at junit.framework.Assert.assertEquals(Assert.java:87)
	at com.sharethis.QAAutomation.commonlib.STCommonLibrary.stClickAndVerify(STCommonLibrary.java:114)
	at com.sharethis.QAAutomation.commonlib.STLaunchBrowser.stLaunchWidget(STLaunchBrowser.java:94)
	at com.sharethis.QAAutomation.Reskinned.Sharing.SharingToFacebookWithShareThisLoginOnWidget.test_SharingToFacebookWithShareThisLoginOnWidget(SharingToFacebookWithShareThisLoginOnWidget.java:59)
... Removed 22 stack frames]]>
    </failure>
  </testcase>
</testsuite>
