<?xml version="1.0" encoding="UTF-8"?>
<testsuite name="WidgetSignInWithInvalidShareThisCredentials" failures="1" tests="1" time="208.471" errors="0">
  <properties/>
  <testcase name="test_WidgetSignInWithInvalidSharethisAccount" time="208.048" classname="com.sharethis.QAAutomation.SignInWidget.WidgetSignInWithInvalidShareThisCredentials">
    <failure type="junit.framework.ComparisonFailure" message="null expected:&lt;PASS&gt; but was:&lt;null&gt;">
      <![CDATA[junit.framework.ComparisonFailure: null expected:<PASS> but was:<null>
	at junit.framework.Assert.assertEquals(Assert.java:81)
	at junit.framework.Assert.assertEquals(Assert.java:87)
	at com.sharethis.QAAutomation.commonlib.STLaunchBrowser.stLaunch(STLaunchBrowser.java:67)
	at com.sharethis.QAAutomation.SignInWidget.WidgetSignInWithInvalidShareThisCredentials.test_WidgetSignInWithInvalidSharethisAccount(WidgetSignInWithInvalidShareThisCredentials.java:62)
... Removed 22 stack frames]]>
    </failure>
  </testcase>
</testsuite>
