<?xml version="1.0" encoding="UTF-8"?>
<testsuite name="WidgetSignInWithValidShareThisCredentials" failures="1" tests="1" time="102.108" errors="0">
  <properties/>
  <testcase name="test_WidgetSignInWithSharethisAccount" time="101.669" classname="com.sharethis.QAAutomation.SignInWidget.WidgetSignInWithValidShareThisCredentials">
    <failure type="junit.framework.ComparisonFailure" message="null expected:&lt;[PASS]&gt; but was:&lt;[FAIL]&gt;">
      <![CDATA[junit.framework.ComparisonFailure: null expected:<[PASS]> but was:<[FAIL]>
	at junit.framework.Assert.assertEquals(Assert.java:81)
	at junit.framework.Assert.assertEquals(Assert.java:87)
	at com.sharethis.QAAutomation.commonlib.STCommonLibrary.stClickAndVerify(STCommonLibrary.java:114)
	at com.sharethis.QAAutomation.commonlib.STLaunchBrowser.stLaunchOauthWidget(STLaunchBrowser.java:206)
	at com.sharethis.QAAutomation.SignInWidget.WidgetSignInWithValidShareThisCredentials.test_WidgetSignInWithSharethisAccount(WidgetSignInWithValidShareThisCredentials.java:44)
... Removed 22 stack frames]]>
    </failure>
  </testcase>
</testsuite>
