<?xml version="1.0" encoding="UTF-8"?>
<testsuite name="WidgetCreateAccountWithInvalidCredentials" failures="1" tests="1" time="97.161" errors="0">
  <properties/>
  <testcase name="test_WidgetCreateAccountWithInvalidEmail" time="96.702" classname="com.sharethis.QAAutomation.createAccountUsingWidget.WidgetCreateAccountWithInvalidCredentials">
    <failure type="junit.framework.ComparisonFailure" message="null expected:&lt;[PASS]&gt; but was:&lt;[FAIL]&gt;">
      <![CDATA[junit.framework.ComparisonFailure: null expected:<[PASS]> but was:<[FAIL]>
	at junit.framework.Assert.assertEquals(Assert.java:81)
	at junit.framework.Assert.assertEquals(Assert.java:87)
	at com.sharethis.QAAutomation.commonlib.STCommonLibrary.stClickAndVerify(STCommonLibrary.java:114)
	at com.sharethis.QAAutomation.commonlib.STLaunchBrowser.stLaunchOauthWidget(STLaunchBrowser.java:206)
	at com.sharethis.QAAutomation.createAccountUsingWidget.WidgetCreateAccountWithInvalidCredentials.test_WidgetCreateAccountWithInvalidEmail(WidgetCreateAccountWithInvalidCredentials.java:114)
... Removed 22 stack frames]]>
    </failure>
  </testcase>
</testsuite>
