<?xml version="1.0" encoding="UTF-8"?>
<testsuite name="WidgetCreateAccountWithValidCredentials" failures="1" tests="1" time="92.296" errors="0">
  <properties/>
  <testcase name="test_WidgetCreateAccountWithValidEmail" time="91.931" classname="com.sharethis.QAAutomation.createAccountUsingWidget.WidgetCreateAccountWithValidCredentials">
    <failure type="junit.framework.ComparisonFailure" message="null expected:&lt;[PASS]&gt; but was:&lt;[FAIL]&gt;">
      <![CDATA[junit.framework.ComparisonFailure: null expected:<[PASS]> but was:<[FAIL]>
	at junit.framework.Assert.assertEquals(Assert.java:81)
	at junit.framework.Assert.assertEquals(Assert.java:87)
	at com.sharethis.QAAutomation.commonlib.STCommonLibrary.stClickAndVerify(STCommonLibrary.java:114)
	at com.sharethis.QAAutomation.commonlib.STLaunchBrowser.stLaunchOauthWidget(STLaunchBrowser.java:206)
	at com.sharethis.QAAutomation.createAccountUsingWidget.WidgetCreateAccountWithValidCredentials.test_WidgetCreateAccountWithValidEmail(WidgetCreateAccountWithValidCredentials.java:50)
... Removed 22 stack frames]]>
    </failure>
  </testcase>
</testsuite>
