<?xml version="1.0" encoding="UTF-8"?>
<testsuite name="WidgetSignInWithGoogleAccount" failures="1" tests="1" time="101.001" errors="0">
  <properties/>
  <testcase name="test_WidgetSignInWithGoogleAccount" time="100.551" classname="com.sharethis.QAAutomation.SignInWidget.WidgetSignInWithGoogleAccount">
    <failure type="junit.framework.ComparisonFailure" message="null expected:&lt;[PASS]&gt; but was:&lt;[FAIL]&gt;">
      <![CDATA[junit.framework.ComparisonFailure: null expected:<[PASS]> but was:<[FAIL]>
	at junit.framework.Assert.assertEquals(Assert.java:81)
	at junit.framework.Assert.assertEquals(Assert.java:87)
	at com.sharethis.QAAutomation.commonlib.STCommonLibrary.stClickAndVerify(STCommonLibrary.java:114)
	at com.sharethis.QAAutomation.commonlib.STLaunchBrowser.stLaunchOauthWidget(STLaunchBrowser.java:206)
	at com.sharethis.QAAutomation.SignInWidget.WidgetSignInWithGoogleAccount.test_WidgetSignInWithGoogleAccount(WidgetSignInWithGoogleAccount.java:42)
... Removed 22 stack frames]]>
    </failure>
  </testcase>
</testsuite>
