<testng-results>
  <reporter-output>
  </reporter-output>
  <suite name="Selenium 2">
    <groups>
    </groups>
    <test name="com.sharethis.QAAutomation.oauthUIandFunctions.WidgetUIVerification">
      <class name="com.sharethis.QAAutomation.oauthUIandFunctions.WidgetUIVerification">
        <test-method status="FAIL" signature="CloseBrowser()" name="CloseBrowser" is-config="true" duration-ms="0" started-at="2014-04-04T18:39:16Z" finished-at="2014-04-04T18:39:16Z">
          <exception class="java.lang.NullPointerException">
            <full-stacktrace>
              <![CDATA[java.lang.NullPointerException
	at com.sharethis.QAAutomation.commonlib.STCommonLibrary.stTearDown(STCommonLibrary.java:62)
	at com.sharethis.QAAutomation.oauthUIandFunctions.WidgetUIVerification.CloseBrowser(WidgetUIVerification.java:245)
	at sun.reflect.NativeMethodAccessorImpl.invoke0(Native Method)
	at sun.reflect.NativeMethodAccessorImpl.invoke(NativeMethodAccessorImpl.java:39)
	at sun.reflect.DelegatingMethodAccessorImpl.invoke(DelegatingMethodAccessorImpl.java:25)
	at java.lang.reflect.Method.invoke(Method.java:597)
	at org.testng.internal.MethodHelper.invokeMethod(MethodHelper.java:607)
	at org.testng.internal.Invoker.invokeConfigurationMethod(Invoker.java:417)
	at org.testng.internal.Invoker.invokeConfigurations(Invoker.java:154)
	at org.testng.internal.Invoker.invokeConfigurations(Invoker.java:88)
	at org.testng.TestRunner.afterRun(TestRunner.java:768)
	at org.testng.TestRunner.run(TestRunner.java:490)
	at org.testng.SuiteRunner.runTest(SuiteRunner.java:332)
	at org.testng.SuiteRunner.runSequentially(SuiteRunner.java:327)
	at org.testng.SuiteRunner.privateRun(SuiteRunner.java:299)
	at org.testng.SuiteRunner.run(SuiteRunner.java:204)
	at org.testng.TestNG.createAndRunSuiteRunners(TestNG.java:877)
	at org.testng.TestNG.runSuitesLocally(TestNG.java:842)
	at org.testng.TestNG.run(TestNG.java:751)
	at org.testng.remote.RemoteTestNG.run(RemoteTestNG.java:73)
	at org.testng.remote.RemoteTestNG.main(RemoteTestNG.java:124)
]]>
            </full-stacktrace>
          </exception>
        </test-method>
        <test-method status="FAIL" signature="test_WidgetUIVerification(int, int, int, int)" name="test_WidgetUIVerification" duration-ms="0" started-at="2014-04-04T18:39:16Z" finished-at="2014-04-04T18:39:16Z">
          <exception class="org.testng.TestNGException">
            <message>
              <![CDATA[
Parameter 'STLBDataID' is required by @Test on method test_WidgetUIVerification
but has not been marked @Optional or defined in E:\Git 5x\Selenium 2\temp-testng-customsuite.xml]]>
            </message>
            <full-stacktrace>
              <![CDATA[org.testng.TestNGException: 
Parameter 'STLBDataID' is required by @Test on method test_WidgetUIVerification
but has not been marked @Optional or defined in E:\Git 5x\Selenium 2\temp-testng-customsuite.xml
	at org.testng.internal.Parameters.createParameters(Parameters.java:119)
	at org.testng.internal.Parameters.createParameters(Parameters.java:280)
	at org.testng.internal.Parameters.handleParameters(Parameters.java:365)
	at org.testng.internal.Invoker.handleParameters(Invoker.java:1060)
	at org.testng.internal.Invoker.createParameters(Invoker.java:841)
	at org.testng.internal.Invoker.invokeTestMethods(Invoker.java:923)
	at org.testng.internal.TestMethodWorker.invokeTestMethods(TestMethodWorker.java:126)
	at org.testng.internal.TestMethodWorker.run(TestMethodWorker.java:110)
	at org.testng.TestRunner.runWorkers(TestRunner.java:759)
	at org.testng.TestRunner.privateRun(TestRunner.java:592)
	at org.testng.TestRunner.run(TestRunner.java:486)
	at org.testng.SuiteRunner.runTest(SuiteRunner.java:332)
	at org.testng.SuiteRunner.runSequentially(SuiteRunner.java:327)
	at org.testng.SuiteRunner.privateRun(SuiteRunner.java:299)
	at org.testng.SuiteRunner.run(SuiteRunner.java:204)
	at org.testng.TestNG.createAndRunSuiteRunners(TestNG.java:877)
	at org.testng.TestNG.runSuitesLocally(TestNG.java:842)
	at org.testng.TestNG.run(TestNG.java:751)
	at org.testng.remote.RemoteTestNG.run(RemoteTestNG.java:73)
	at org.testng.remote.RemoteTestNG.main(RemoteTestNG.java:124)
]]>
            </full-stacktrace>
          </exception>
        </test-method>
        <test-method status="SKIP" signature="HTMLReport()" name="HTMLReport" is-config="true" duration-ms="0" started-at="2014-04-04T18:39:16Z" finished-at="2014-04-04T18:39:16Z">
        </test-method>
      </class>
    </test>
  </suite>
</testng-results>
